=== 2026-06-16 09:00 JST Pipeline Run ===
Mode: DRY RUN → FULL RUN
Tag: #roku (mstdn.jp, score:84.7)
Article: 20260616-snsトレンド2026年06月16日snsで話題のroku徹底レビューai共創レビュー研究所.md
Deploy: SUCCESS (Cloudflare Pages)
Instagram: SUCCESS (media_id: 18107384074784426, permalink: https://www.instagram.com/p/DZoDwCwoNuq/)
Mastodon: SKIPPED (No access token)
Telegram: SUCCESS
Fixes applied:
  - Duplicate Polaroid tag fix: changed 20260615 article primary tag from "Polaroid" to "ポラロイド"
Commits:
  - 5246489 (main) fix: remove duplicate Polaroid tag, update astro submodule
  - 88230b2 (astro) fix: remove duplicate Polaroid tag from 20260615 article, add 20260616 roku article
  - f3e3a0a (main) chore: cleanup temp script
Warnings:
  - mstdn.jp product tags: 1/20 (low but non-zero)
  - Mastodon token not set (known issue)
  - #roku categorized as laptop-pc (should be smart-home/streaming)
  - RSS keeps picking up same Polaroid Go Gen 3 article daily
=== END ===

=== 2026-06-16 11:01 JST Pipeline Run ===
Mode: DRY RUN → FULL RUN
Tag: #家電 (fallback from #roku, already posted today)
Article: 20260616-ニュース2026年06月16日snsで話題の家電徹底レビューai共創レビュー研究所.md
Deploy: SUCCESS (Cloudflare Pages)
Instagram: SUCCESS (media_id: 18087001583379809, permalink: https://www.instagram.com/p/DZoRd7NmlAo/)
Mastodon: SKIPPED (No access token)
Telegram: SUCCESS
Fixes applied: None (no issues detected)
Warnings:
  - mstdn.jp product tags: 1/20 (expected, most trending tags are non-product)
  - Mastodon token not set (known issue)
  - #roku was already posted today at 09:00 JST, fell back to #家電
=== END ===
